<?xml version="1.0" encoding="UTF-8"?>
<testsuite xmlns:xsi="http://www.w3.org/2001/XMLSchema-instance" xsi:noNamespaceSchemaLocation="https://maven.apache.org/surefire/maven-surefire-plugin/xsd/surefire-test-report.xsd" name="MyTest" time="0.035" tests="10" errors="0" skipped="0" failures="0">
  <properties>
[...]
</properties>
  <testcase name="copyArrayTest1" classname="MyTest" time="0.017"/>
  <testcase name="copyArrayTest2" classname="MyTest" time="0.001"/>
  <testcase name="goalTestTest1" classname="MyTest" time="0.002"/>
  <testcase name="goalTestTest2" classname="MyTest" time="0.001"/>
  <testcase name="findZeroTest1" classname="MyTest" time="0.001"/>
  <testcase name="findZeroTest2" classname="MyTest" time="0.001"/>
  <testcase name="getH1Test1" classname="MyTest" time="0.001"/>
  <testcase name="getH1Test2" classname="MyTest" time="0"/>
  <testcase name="moveZeroTest1" classname="MyTest" time="0"/>
  <testcase name="moveZeroTest2" classname="MyTest" time="0.001"/>
</testsuite>